# JRE version: OpenJDK Runtime Environment (14.0.2+12) (build 14.0.2+12-46)
# Java VM: OpenJDK 64-Bit Server VM (14.0.2+12-46, mixed mode, sharing, tiered, compressed oops, g1 gc, windows-amd64)
Heap:
 garbage-first heap   total 49152K, used 16057K [0x0000000601a00000, 0x0000000800000000)
  region size 2048K, 8 young (16384K), 3 survivors (6144K)
 Metaspace       used 21732K, capacity 22185K, committed 22400K, reserved 1069056K
  class space    used 2225K, capacity 2396K, committed 2432K, reserved 1048576K
GC Heap History (6 events):
Event: 2.101 GC heap before
{Heap before GC invocations=0 (full 0):
 garbage-first heap   total 524288K, used 22528K [0x0000000601a00000, 0x0000000800000000)
  region size 2048K, 12 young (24576K), 0 survivors (0K)
 Metaspace       used 11733K, capacity 12153K, committed 12288K, reserved 1060864K
  class space    used 1327K, capacity 1485K, committed 1536K, reserved 1048576K
}
Event: 2.107 GC heap after
{Heap after GC invocations=1 (full 0):
 garbage-first heap   total 524288K, used 3188K [0x0000000601a00000, 0x0000000800000000)
  region size 2048K, 2 young (4096K), 2 survivors (4096K)
 Metaspace       used 11733K, capacity 12153K, committed 12288K, reserved 1060864K
  class space    used 1327K, capacity 1485K, committed 1536K, reserved 1048576K
}
Event: 2.414 GC heap before
{Heap before GC invocations=1 (full 0):
 garbage-first heap   total 524288K, used 38004K [0x0000000601a00000, 0x0000000800000000)
  region size 2048K, 19 young (38912K), 2 survivors (4096K)
 Metaspace       used 16275K, capacity 16619K, committed 16768K, reserved 1064960K
  class space    used 1709K, capacity 1886K, committed 1920K, reserved 1048576K
}
Event: 2.420 GC heap after
{Heap after GC invocations=2 (full 0):
 garbage-first heap   total 524288K, used 5043K [0x0000000601a00000, 0x0000000800000000)
  region size 2048K, 1 young (2048K), 1 survivors (2048K)
 Metaspace       used 16275K, capacity 16619K, committed 16768K, reserved 1064960K
  class space    used 1709K, capacity 1886K, committed 1920K, reserved 1048576K
}
Event: 61.415 GC heap before
{Heap before GC invocations=2 (full 0):
 garbage-first heap   total 524288K, used 46003K [0x0000000601a00000, 0x0000000800000000)
  region size 2048K, 22 young (45056K), 1 survivors (2048K)
 Metaspace       used 20759K, capacity 21203K, committed 21248K, reserved 1069056K
  class space    used 2072K, capacity 2260K, committed 2304K, reserved 1048576K
}
Event: 61.418 GC heap after
{Heap after GC invocations=3 (full 0):
 garbage-first heap   total 524288K, used 7865K [0x0000000601a00000, 0x0000000800000000)
  region size 2048K, 3 young (6144K), 3 survivors (6144K)
 Metaspace       used 20759K, capacity 21203K, committed 21248K, reserved 1069056K
  class space    used 2072K, capacity 2260K, committed 2304K, reserved 1048576K
}

